<?xml version="1.0" encoding="UTF-8"?>
<!-- Generated by org.testng.reporters.JUnitReportReporter -->
<testsuite hostname="DESKTOP-78H3ES3" failures="0" tests="1" name="tests.HoverElementTest" time="1.945" errors="0" timestamp="2023-11-28T23:21:56 EET" skipped="0">
  <testcase classname="tests.HoverElementTest" name="userCanHoverElementThenOpenLinkFromSubMenu" time="1.945"/>
  <system-out/>
</testsuite> <!-- tests.HoverElementTest -->
