<?xml version="1.0" encoding="UTF-8"?>
<!-- Generated by org.testng.reporters.JUnitReportReporter -->
<testsuite hostname="DESKTOP-78H3ES3" failures="0" tests="4" name="tests.AddProductReviewTest" time="8.150" errors="0" timestamp="2023-11-27T17:33:24 EET" skipped="0">
  <testcase classname="tests.AddProductReviewTest" name="userCanRegisterSuccessfully" time="2.889"/>
  <system-out/>
  <testcase classname="tests.AddProductReviewTest" name="registerUserCanLoginSuccessfully" time="2.058"/>
  <system-out/>
  <testcase classname="tests.AddProductReviewTest" name="registerUserCanSearchForProduct" time="1.680"/>
  <system-out/>
  <testcase classname="tests.AddProductReviewTest" name="registerUserCanAddProductReviewSuccessfully" time="1.523"/>
  <system-out/>
</testsuite> <!-- tests.AddProductReviewTest -->
