<?xml version="1.0" encoding="UTF-8"?>
<!-- Generated by org.testng.reporters.JUnitReportReporter -->
<testsuite hostname="DESKTOP-78H3ES3" failures="0" tests="1" name="tests.ItemCreatorLoginTest" time="4.308" errors="0" timestamp="2023-12-01T20:14:00 EET" skipped="0">
  <testcase classname="tests.ItemCreatorLoginTest" name="registeredUserCanLoginSuccessfully" time="4.308"/>
  <system-out/>
</testsuite> <!-- tests.ItemCreatorLoginTest -->
