<?xml version="1.0" encoding="UTF-8"?>
<!-- Generated by org.testng.reporters.JUnitReportReporter -->
<testsuite hostname="DESKTOP-78H3ES3" failures="0" tests="2" name="tests.ChangeCurrencyTest" time="2.899" errors="0" timestamp="2023-11-23T20:52:57 EET" skipped="0">
  <testcase classname="tests.ChangeCurrencyTest" name="userCanSearchForProductsByAutoSuggestion" time="2.185"/>
  <system-out/>
  <testcase classname="tests.ChangeCurrencyTest" name="userCanChangeCurrency" time="0.714"/>
  <system-out/>
</testsuite> <!-- tests.ChangeCurrencyTest -->
