<?xml version="1.0" encoding="UTF-8"?>
<!-- Generated by org.testng.reporters.JUnitReportReporter -->
<testsuite hostname="RadwaH-HR" failures="0" tests="2" name="tests.PharmacyRegistrationTest" time="4.885" errors="0" timestamp="2023-11-12T20:46:56 EET" skipped="0">
  <testcase classname="tests.PharmacyRegistrationTest" name="userCanRegisrerSuccessfully" time="4.111"/>
  <system-out/>
  <testcase classname="tests.PharmacyRegistrationTest" name="UserCanOpenLoginPage" time="0.774"/>
  <system-out/>
</testsuite> <!-- tests.PharmacyRegistrationTest -->
