<?xml version="1.0" encoding="UTF-8"?>
<!-- Generated by org.testng.reporters.JUnitReportReporter -->
<testsuite hostname="RadwaH-HR" failures="0" tests="1" name="tests.SearchByAutoSuggestionTest" time="3.278" errors="0" timestamp="2023-11-15T20:01:48 EET" skipped="0">
  <testcase classname="tests.SearchByAutoSuggestionTest" name="userCanSearchForProductsByAutoSuggestion" time="3.278"/>
  <system-out/>
</testsuite> <!-- tests.SearchByAutoSuggestionTest -->
