<?xml version="1.0" encoding="UTF-8"?>
<!-- Generated by org.testng.reporters.JUnitReportReporter -->
<testsuite hostname="DESKTOP-78H3ES3" failures="0" tests="4" name="tests.EmailToFriendTest" time="6.347" errors="0" timestamp="2023-11-22T22:57:19 EET" skipped="0">
  <testcase classname="tests.EmailToFriendTest" name="userCanRegisterSuccessfully" time="2.359"/>
  <system-out/>
  <testcase classname="tests.EmailToFriendTest" name="registerUserCanLoginSuccessfully" time="1.158"/>
  <system-out/>
  <testcase classname="tests.EmailToFriendTest" name="registerUserCanSearchForProduct" time="1.904"/>
  <system-out/>
  <testcase classname="tests.EmailToFriendTest" name="registerUserCanemailProductToFriend" time="0.926"/>
  <system-out/>
</testsuite> <!-- tests.EmailToFriendTest -->
