<?xml version="1.0" encoding="UTF-8"?>
<!-- Generated by org.testng.reporters.JUnitReportReporter -->
<testsuite hostname="DESKTOP-78H3ES3" failures="0" tests="2" name="tests.ItemsTest" time="9.893" errors="0" timestamp="2023-12-01T20:44:17 EET" skipped="0">
  <testcase classname="tests.ItemsTest" name="registeredUserCanLoginSuccessfully" time="5.298"/>
  <system-out/>
  <testcase classname="tests.ItemsTest" name="UserSeeAllTFItems" time="4.595"/>
  <system-out/>
</testsuite> <!-- tests.ItemsTest -->
