<?xml version="1.0" encoding="UTF-8"?>
<!-- Generated by org.testng.reporters.JUnitReportReporter -->
<testsuite hostname="DESKTOP-78H3ES3" failures="0" tests="1" name="tests.SearchTest" time="1.991" errors="0" timestamp="2023-11-22T20:55:22 EET" skipped="0">
  <testcase classname="tests.SearchTest" name="userCanSearchForProducts" time="1.991"/>
  <system-out/>
</testsuite> <!-- tests.SearchTest -->
