<?xml version="1.0" encoding="UTF-8"?>
<!-- Generated by org.testng.reporters.JUnitReportReporter -->
<testsuite hostname="RadwaH-HR" failures="0" tests="1" name="tests.ContacusTest" time="1.939" errors="0" timestamp="2023-11-19T20:17:23 EET" skipped="0">
  <testcase classname="tests.ContacusTest" name="contactus" time="1.939"/>
  <system-out/>
</testsuite> <!-- tests.ContacusTest -->
