<?xml version="1.0" encoding="UTF-8"?>
<!-- Generated by org.testng.reporters.JUnitReportReporter -->
<testsuite hostname="DESKTOP-78H3ES3" failures="0" tests="3" name="tests.AddProductToWishlistTest" time="3.612" errors="0" timestamp="2023-11-30T20:20:17 EET" skipped="0">
  <testcase classname="tests.AddProductToWishlistTest" name="userCanSearchForProductsByAutoSuggestion" time="2.228"/>
  <system-out/>
  <testcase classname="tests.AddProductToWishlistTest" name="userCanAddProductToWishlistPage" time="0.974"/>
  <system-out/>
  <testcase classname="tests.AddProductToWishlistTest" name="userCanRemoveProductFromWishlistPage" time="0.410"/>
  <system-out/>
</testsuite> <!-- tests.AddProductToWishlistTest -->
