<?xml version="1.0" encoding="UTF-8"?>
<!-- Generated by org.testng.reporters.JUnitReportReporter -->
<testsuite hostname="RadwaH-HR" failures="0" tests="10" name="tests.ChangePasswordTest" time="13.570" errors="0" timestamp="2023-11-14T21:54:43 EET" skipped="0">
  <testcase classname="tests.ChangePasswordTest" name="userCanRegisrerSuccessfully" time="5.142"/>
  <system-out/>
  <testcase classname="tests.ChangePasswordTest" name="registeredUserCanOpenLoginPageSuccessfully" time="0.612"/>
  <system-out/>
  <testcase classname="tests.ChangePasswordTest" name="registeredUserCanLoginSuccessfully" time="1.311"/>
  <system-out/>
  <testcase classname="tests.ChangePasswordTest" name="userCanOpenAccountPage" time="0.760"/>
  <system-out/>
  <testcase classname="tests.ChangePasswordTest" name="userCanOpenChangePasswordPage" time="0.779"/>
  <system-out/>
  <testcase classname="tests.ChangePasswordTest" name="userCanChangePassword" time="1.129"/>
  <system-out/>
  <testcase classname="tests.ChangePasswordTest" name="userCanLogout" time="1.027"/>
  <system-out/>
  <testcase classname="tests.ChangePasswordTest" name="userCanOpenLoginPage" time="0.630"/>
  <system-out/>
  <testcase classname="tests.ChangePasswordTest" name="userCanNOTLoginWithOldPassword" time="0.909"/>
  <system-out/>
  <testcase classname="tests.ChangePasswordTest" name="userCanLoginWithNewPassword" time="1.271"/>
  <system-out/>
</testsuite> <!-- tests.ChangePasswordTest -->
